Partition Merge report for DreamTangle_HDL
Wed Nov 14 22:36:57 2007
Quartus II Version 7.2 Build 151 09/26/2007 SJ Web Edition


---------------------
; Table of Contents ;
---------------------
  1. Legal Notice
  2. Partition Merge Summary
  3. Partition Merge Messages
  4. Partition Merge Netlist Types Used
  5. Partition Merge Partition Statistics



----------------
; Legal Notice ;
----------------
Copyright (C) 1991-2007 Altera Corporation
Your use of Altera Corporation's design tools, logic functions 
and other software and tools, and its AMPP partner logic 
functions, and any output files from any of the foregoing 
(including device programming or simulation files), and any 
associated documentation or information are expressly subject 
to the terms and conditions of the Altera Program License 
Subscription Agreement, Altera MegaCore Function License 
Agreement, or other applicable license agreement, including, 
without limitation, that your use is for the sole purpose of 
programming logic devices manufactured by Altera and sold by 
Altera or its authorized distributors.  Please refer to the 
applicable agreement for further details.



+------------------------------------------------------------------------------+
; Partition Merge Summary                                                      ;
+------------------------------------+-----------------------------------------+
; Partition Merge Status             ; Failed - Wed Nov 14 22:36:57 2007       ;
; Quartus II Version                 ; 7.2 Build 151 09/26/2007 SJ Web Edition ;
; Revision Name                      ; DreamTangle_HDL                         ;
; Top-level Entity Name              ; DreamTangle_HDL                         ;
; Family                             ; Cyclone II                              ;
; Total logic elements               ; 743                                     ;
;     Total combinational functions  ; 743                                     ;
;     Dedicated logic registers      ; 177                                     ;
; Total registers                    ; 177                                     ;
; Total pins                         ; 215                                     ;
; Total virtual pins                 ; 0                                       ;
; Total memory bits                  ; 0                                       ;
; Embedded Multiplier 9-bit elements ; 0                                       ;
; Total PLLs                         ; 1                                       ;
+------------------------------------+-----------------------------------------+


+--------------------------+
; Partition Merge Messages ;
+--------------------------+
Info: *******************************************************************
Info: Running Quartus II Partition Merge
    Info: Version 7.2 Build 151 09/26/2007 SJ Web Edition
    Info: Processing started: Wed Nov 14 22:36:55 2007
Info: Command: quartus_cdb --read_settings_files=off --write_settings_files=off DreamTangle_HDL -c DreamTangle_HDL --merge=on
Info: Using synthesis netlist for partition "Top"
Warning: Previously generated Fitter netlist for partition "PLL_Sys:PLL_Sys0" is older than current Synthesis netlist -- using the current Synthesis netlist to ensure that your latest source changes are included
    Info: You can force the Quartus II software to use the previously generated Post-Fitter Netlist by setting the Netlist Type for this Design Partition to "Post-Fit (Strict)".
Info: Using synthesis netlist for partition "PLL_Sys:PLL_Sys0"
Warning: Previously generated Fitter netlist for partition "SSHLEDMDCtrl:gSSHLEDMDCtrl_0__Digit" is older than current Synthesis netlist -- using the current Synthesis netlist to ensure that your latest source changes are included
    Info: You can force the Quartus II software to use the previously generated Post-Fitter Netlist by setting the Netlist Type for this Design Partition to "Post-Fit (Strict)".
Info: Using synthesis netlist for partition "SSHLEDMDCtrl:gSSHLEDMDCtrl_0__Digit"
Warning: Previously generated Fitter netlist for partition "SSHLEDMDCtrl:gSSHLEDMDCtrl_1__Digit" is older than current Synthesis netlist -- using the current Synthesis netlist to ensure that your latest source changes are included
    Info: You can force the Quartus II software to use the previously generated Post-Fitter Netlist by setting the Netlist Type for this Design Partition to "Post-Fit (Strict)".
Info: Using synthesis netlist for partition "SSHLEDMDCtrl:gSSHLEDMDCtrl_1__Digit"
Warning: Previously generated Fitter netlist for partition "SSHLEDMDCtrl:gSSHLEDMDCtrl_2__Digit" is older than current Synthesis netlist -- using the current Synthesis netlist to ensure that your latest source changes are included
    Info: You can force the Quartus II software to use the previously generated Post-Fitter Netlist by setting the Netlist Type for this Design Partition to "Post-Fit (Strict)".
Info: Using synthesis netlist for partition "SSHLEDMDCtrl:gSSHLEDMDCtrl_2__Digit"
Warning: Previously generated Fitter netlist for partition "SSHLEDMDCtrl:gSSHLEDMDCtrl_3__Digit" is older than current Synthesis netlist -- using the current Synthesis netlist to ensure that your latest source changes are included
    Info: You can force the Quartus II software to use the previously generated Post-Fitter Netlist by setting the Netlist Type for this Design Partition to "Post-Fit (Strict)".
Info: Using synthesis netlist for partition "SSHLEDMDCtrl:gSSHLEDMDCtrl_3__Digit"
Warning: Previously generated Fitter netlist for partition "SSHLEDMDCtrl:gSSHLEDMDCtrl_4__Digit" is older than current Synthesis netlist -- using the current Synthesis netlist to ensure that your latest source changes are included
    Info: You can force the Quartus II software to use the previously generated Post-Fitter Netlist by setting the Netlist Type for this Design Partition to "Post-Fit (Strict)".
Info: Using synthesis netlist for partition "SSHLEDMDCtrl:gSSHLEDMDCtrl_4__Digit"
Warning: Previously generated Fitter netlist for partition "SSHLEDMDCtrl:gSSHLEDMDCtrl_5__Digit" is older than current Synthesis netlist -- using the current Synthesis netlist to ensure that your latest source changes are included
    Info: You can force the Quartus II software to use the previously generated Post-Fitter Netlist by setting the Netlist Type for this Design Partition to "Post-Fit (Strict)".
Info: Using synthesis netlist for partition "SSHLEDMDCtrl:gSSHLEDMDCtrl_5__Digit"
Warning: Previously generated Fitter netlist for partition "SSHLEDMDCtrl:gSSHLEDMDCtrl_6__Digit" is older than current Synthesis netlist -- using the current Synthesis netlist to ensure that your latest source changes are included
    Info: You can force the Quartus II software to use the previously generated Post-Fitter Netlist by setting the Netlist Type for this Design Partition to "Post-Fit (Strict)".
Info: Using synthesis netlist for partition "SSHLEDMDCtrl:gSSHLEDMDCtrl_6__Digit"
Warning: Previously generated Fitter netlist for partition "SSHLEDMDCtrl:gSSHLEDMDCtrl_7__Digit" is older than current Synthesis netlist -- using the current Synthesis netlist to ensure that your latest source changes are included
    Info: You can force the Quartus II software to use the previously generated Post-Fitter Netlist by setting the Netlist Type for this Design Partition to "Post-Fit (Strict)".
Info: Using synthesis netlist for partition "SSHLEDMDCtrl:gSSHLEDMDCtrl_7__Digit"
Warning: Previously generated Fitter netlist for partition "USB:USB0" is older than current Synthesis netlist -- using the current Synthesis netlist to ensure that your latest source changes are included
    Info: You can force the Quartus II software to use the previously generated Post-Fitter Netlist by setting the Netlist Type for this Design Partition to "Post-Fit (Strict)".
Info: Using synthesis netlist for partition "USB:USB0"
Info: Netlist merging resolved 11 partition(s) out of the 11 partition(s) found
Error: Found I/O cells with illegal connections after merging.
    Error: Failed to unmap output I/O cell "USB:USB0|ioD[0]" in partition "USB:USB0" driving "_SSHLEDMDCtrlD[0]" File: C:/user/DreamTangle/DreamTangle_HDL/Source/USBCtrl.v Line: 20
    Error: Failed to unmap output I/O cell "USB:USB0|ioD[1]" in partition "USB:USB0" driving "_SSHLEDMDCtrlD[1]" File: C:/user/DreamTangle/DreamTangle_HDL/Source/USBCtrl.v Line: 20
    Error: Failed to unmap output I/O cell "USB:USB0|ioD[2]" in partition "USB:USB0" driving "_SSHLEDMDCtrlD[2]" File: C:/user/DreamTangle/DreamTangle_HDL/Source/USBCtrl.v Line: 20
    Error: Failed to unmap output I/O cell "USB:USB0|ioD[3]" in partition "USB:USB0" driving "_SSHLEDMDCtrlD[3]~73" File: C:/user/DreamTangle/DreamTangle_HDL/Source/USBCtrl.v Line: 20
    Error: Failed to unmap output I/O cell "USB:USB0|ioD[4]" in partition "USB:USB0" driving "_SSHLEDMDCtrlD[4]~70" File: C:/user/DreamTangle/DreamTangle_HDL/Source/USBCtrl.v Line: 20
    Error: Failed to unmap output I/O cell "USB:USB0|ioD[5]" in partition "USB:USB0" driving "_SSHLEDMDCtrlD[5]~71" File: C:/user/DreamTangle/DreamTangle_HDL/Source/USBCtrl.v Line: 20
    Error: Failed to unmap output I/O cell "USB:USB0|ioD[6]" in partition "USB:USB0" driving "_SSHLEDMDCtrlD[6]~72" File: C:/user/DreamTangle/DreamTangle_HDL/Source/USBCtrl.v Line: 20
    Error: Failed to unmap output I/O cell "USB:USB0|ioD[7]" in partition "USB:USB0" driving "_SSHLEDMDCtrlD[7]" File: C:/user/DreamTangle/DreamTangle_HDL/Source/USBCtrl.v Line: 20
    Error: Failed to unmap output I/O cell "USB:USB0|ioD[8]" in partition "USB:USB0" driving "_SSHLEDMDCtrlD[8]" File: C:/user/DreamTangle/DreamTangle_HDL/Source/USBCtrl.v Line: 20
    Error: Failed to unmap output I/O cell "USB:USB0|ioD[9]" in partition "USB:USB0" driving "_SSHLEDMDCtrlD[9]~68" File: C:/user/DreamTangle/DreamTangle_HDL/Source/USBCtrl.v Line: 20
    Error: Failed to unmap output I/O cell "USB:USB0|ioD[10]" in partition "USB:USB0" driving "_SSHLEDMDCtrlD[10]~69" File: C:/user/DreamTangle/DreamTangle_HDL/Source/USBCtrl.v Line: 20
    Error: Failed to unmap output I/O cell "USB:USB0|ioD[11]" in partition "USB:USB0" driving "_SSHLEDMDCtrlD[11]" File: C:/user/DreamTangle/DreamTangle_HDL/Source/USBCtrl.v Line: 20
    Error: Failed to unmap output I/O cell "USB:USB0|ioD[12]" in partition "USB:USB0" driving "_SSHLEDMDCtrlD[12]~66" File: C:/user/DreamTangle/DreamTangle_HDL/Source/USBCtrl.v Line: 20
    Error: Failed to unmap output I/O cell "USB:USB0|ioD[13]" in partition "USB:USB0" driving "_SSHLEDMDCtrlD[13]" File: C:/user/DreamTangle/DreamTangle_HDL/Source/USBCtrl.v Line: 20
    Error: Failed to unmap output I/O cell "USB:USB0|ioD[14]" in partition "USB:USB0" driving "_SSHLEDMDCtrlD[14]~67" File: C:/user/DreamTangle/DreamTangle_HDL/Source/USBCtrl.v Line: 20
    Error: Failed to unmap output I/O cell "USB:USB0|ioD[15]" in partition "USB:USB0" driving "_SSHLEDMDCtrlD[15]" File: C:/user/DreamTangle/DreamTangle_HDL/Source/USBCtrl.v Line: 20
Error: Quartus II Partition Merge was unsuccessful. 17 errors, 10 warnings
    Info: Allocated 138 megabytes of memory during processing
    Error: Processing ended: Wed Nov 14 22:36:57 2007
    Error: Elapsed time: 00:00:02


+-----------------------------------------------------------------------------------------------------------------------------+
; Partition Merge Netlist Types Used                                                                                          ;
+-------------------------------------+------------------------+------------------------+-------------------------------------+
; Partition Name                      ; Netlist Type Used      ; Netlist Type Requested ; Partition Contents                  ;
+-------------------------------------+------------------------+------------------------+-------------------------------------+
; Top                                 ; Post-Synthesis Netlist ; Post-Synthesis Netlist ;                                     ;
; PLL_Sys:PLL_Sys0                    ; Post-Synthesis Netlist ; Post-Fitter Netlist    ; PLL_Sys:PLL_Sys0                    ;
; SSHLEDMDCtrl:gSSHLEDMDCtrl_0__Digit ; Post-Synthesis Netlist ; Post-Fitter Netlist    ; SSHLEDMDCtrl:gSSHLEDMDCtrl[0].Digit ;
; SSHLEDMDCtrl:gSSHLEDMDCtrl_1__Digit ; Post-Synthesis Netlist ; Post-Fitter Netlist    ; SSHLEDMDCtrl:gSSHLEDMDCtrl[1].Digit ;
; SSHLEDMDCtrl:gSSHLEDMDCtrl_2__Digit ; Post-Synthesis Netlist ; Post-Fitter Netlist    ; SSHLEDMDCtrl:gSSHLEDMDCtrl[2].Digit ;
; SSHLEDMDCtrl:gSSHLEDMDCtrl_3__Digit ; Post-Synthesis Netlist ; Post-Fitter Netlist    ; SSHLEDMDCtrl:gSSHLEDMDCtrl[3].Digit ;
; SSHLEDMDCtrl:gSSHLEDMDCtrl_4__Digit ; Post-Synthesis Netlist ; Post-Fitter Netlist    ; SSHLEDMDCtrl:gSSHLEDMDCtrl[4].Digit ;
; SSHLEDMDCtrl:gSSHLEDMDCtrl_5__Digit ; Post-Synthesis Netlist ; Post-Fitter Netlist    ; SSHLEDMDCtrl:gSSHLEDMDCtrl[5].Digit ;
; SSHLEDMDCtrl:gSSHLEDMDCtrl_6__Digit ; Post-Synthesis Netlist ; Post-Fitter Netlist    ; SSHLEDMDCtrl:gSSHLEDMDCtrl[6].Digit ;
; SSHLEDMDCtrl:gSSHLEDMDCtrl_7__Digit ; Post-Synthesis Netlist ; Post-Fitter Netlist    ; SSHLEDMDCtrl:gSSHLEDMDCtrl[7].Digit ;
; USB:USB0                            ; Post-Synthesis Netlist ; Post-Fitter Netlist    ; USB:USB0                            ;
+-------------------------------------+------------------------+------------------------+-------------------------------------+


+-------------------------------------------------------------------------------------------------------------------------------------------------------------------------------------------------------------------------------------------------------------------------------------------------------------------------------------------------------+
; Partition Merge Partition Statistics                                                                                                                                                                                                                                                                                                                  ;
+-------------------------------------+-------------------------------+-------------+-----------------+-----------------+-------------+--------------+------------------------+-------------------------+-------------------------+--------------------------+---------------------------+------------------------+-------------------------------------+
; Partition Name                      ; Total combinational functions ; normal mode ; arithmetic mode ; Total registers ; Input Ports ; Output Ports ; Registered Input Ports ; Registered Output Ports ; Unconnected Input Ports ; Unconnected Output Ports ; Driven Ground Input Ports ; Driven VCC Input Ports ; Partition Contents                  ;
+-------------------------------------+-------------------------------+-------------+-----------------+-----------------+-------------+--------------+------------------------+-------------------------+-------------------------+--------------------------+---------------------------+------------------------+-------------------------------------+
; Top                                 ; 19                            ; 19          ; 0               ; 17              ; 39          ; 176          ; 0                      ; 0                       ; N/A                     ; N/A                      ; N/A                       ; N/A                    ;                                     ;
; PLL_Sys:PLL_Sys0                    ; 0                             ; 0           ; 0               ; 0               ; 1           ; 2            ; 0                      ; 0                       ; 0                       ; 0                        ; 0                         ; 0                      ; PLL_Sys:PLL_Sys0                    ;
; SSHLEDMDCtrl:gSSHLEDMDCtrl_0__Digit ; 8                             ; 8           ; 0               ; 0               ; 4           ; 7            ; 0                      ; 0                       ; 0                       ; 0                        ; 0                         ; 0                      ; SSHLEDMDCtrl:gSSHLEDMDCtrl[0].Digit ;
; SSHLEDMDCtrl:gSSHLEDMDCtrl_1__Digit ; 8                             ; 8           ; 0               ; 0               ; 4           ; 7            ; 0                      ; 0                       ; 0                       ; 0                        ; 0                         ; 0                      ; SSHLEDMDCtrl:gSSHLEDMDCtrl[1].Digit ;
; SSHLEDMDCtrl:gSSHLEDMDCtrl_2__Digit ; 8                             ; 8           ; 0               ; 0               ; 4           ; 7            ; 0                      ; 0                       ; 0                       ; 0                        ; 0                         ; 0                      ; SSHLEDMDCtrl:gSSHLEDMDCtrl[2].Digit ;
; SSHLEDMDCtrl:gSSHLEDMDCtrl_3__Digit ; 8                             ; 8           ; 0               ; 0               ; 4           ; 7            ; 0                      ; 0                       ; 0                       ; 0                        ; 0                         ; 0                      ; SSHLEDMDCtrl:gSSHLEDMDCtrl[3].Digit ;
; SSHLEDMDCtrl:gSSHLEDMDCtrl_4__Digit ; 8                             ; 8           ; 0               ; 0               ; 4           ; 7            ; 0                      ; 0                       ; 0                       ; 0                        ; 3                         ; 0                      ; SSHLEDMDCtrl:gSSHLEDMDCtrl[4].Digit ;
; SSHLEDMDCtrl:gSSHLEDMDCtrl_5__Digit ; 8                             ; 8           ; 0               ; 0               ; 4           ; 7            ; 0                      ; 0                       ; 0                       ; 0                        ; 2                         ; 0                      ; SSHLEDMDCtrl:gSSHLEDMDCtrl[5].Digit ;
; SSHLEDMDCtrl:gSSHLEDMDCtrl_6__Digit ; 8                             ; 8           ; 0               ; 0               ; 4           ; 7            ; 0                      ; 0                       ; 0                       ; 0                        ; 3                         ; 0                      ; SSHLEDMDCtrl:gSSHLEDMDCtrl[6].Digit ;
; SSHLEDMDCtrl:gSSHLEDMDCtrl_7__Digit ; 8                             ; 8           ; 0               ; 0               ; 4           ; 7            ; 0                      ; 0                       ; 0                       ; 0                        ; 3                         ; 0                      ; SSHLEDMDCtrl:gSSHLEDMDCtrl[7].Digit ;
; USB:USB0                            ; 674                           ; 674         ; 0               ; 160             ; 4           ; 24           ; 2                      ; 0                       ; 0                       ; 0                        ; 0                         ; 1                      ; USB:USB0                            ;
+-------------------------------------+-------------------------------+-------------+-----------------+-----------------+-------------+--------------+------------------------+-------------------------+-------------------------+--------------------------+---------------------------+------------------------+-------------------------------------+


